#! /usr/local/Cellar/icarus-verilog/11.0/bin/vvp
:ivl_version "11.0 (stable)";
:ivl_delay_selection "TYPICAL";
:vpi_time_precision - 12;
:vpi_module "/usr/local/Cellar/icarus-verilog/11.0/lib/ivl/system.vpi";
:vpi_module "/usr/local/Cellar/icarus-verilog/11.0/lib/ivl/vhdl_sys.vpi";
:vpi_module "/usr/local/Cellar/icarus-verilog/11.0/lib/ivl/vhdl_textio.vpi";
:vpi_module "/usr/local/Cellar/icarus-verilog/11.0/lib/ivl/v2005_math.vpi";
:vpi_module "/usr/local/Cellar/icarus-verilog/11.0/lib/ivl/va_math.vpi";
S_0x7ff832c02870 .scope module, "piso_tb" "piso_tb" 2 3;
 .timescale -12 -12;
P_0x7ff832c02630 .param/l "length" 1 2 4, +C4<00000000000000000000000000001010>;
v0x7ff832c13190_0 .var "clk", 0 0;
v0x7ff832c13240_0 .var "parallel_in", 9 0;
v0x7ff832c132d0_0 .var "reset", 0 0;
v0x7ff832c133a0_0 .var "s_start", 0 0;
S_0x7ff832c02a60 .scope module, "uut" "piso" 2 22, 3 32 0, S_0x7ff832c02870;
 .timescale -12 -12;
    .port_info 0 /INPUT 1 "clk";
    .port_info 1 /INPUT 1 "reset";
    .port_info 2 /INPUT 10 "parallel_in";
    .port_info 3 /INPUT 1 "s_start";
    .port_info 4 /OUTPUT 1 "s_out";
P_0x7ff832c029e0 .param/l "length" 1 3 42, +C4<00000000000000000000000000001010>;
v0x7ff832c02cd0_0 .net "clk", 0 0, v0x7ff832c13190_0;  1 drivers
v0x7ff832c12d80_0 .net "parallel_in", 9 0, v0x7ff832c13240_0;  1 drivers
v0x7ff832c12e30_0 .net "reset", 0 0, v0x7ff832c132d0_0;  1 drivers
v0x7ff832c12ee0_0 .var "s_out", 0 0;
v0x7ff832c12f80_0 .net "s_start", 0 0, v0x7ff832c133a0_0;  1 drivers
v0x7ff832c13060_0 .var "temp", 9 0;
E_0x7ff832c02c80 .event posedge, v0x7ff832c02cd0_0;
    .scope S_0x7ff832c02a60;
T_0 ;
    %wait E_0x7ff832c02c80;
    %load/vec4 v0x7ff832c12e30_0;
    %pad/u 32;
    %cmpi/e 1, 0, 32;
    %jmp/0xz  T_0.0, 4;
    %pushi/vec4 0, 0, 1;
    %store/vec4 v0x7ff832c12ee0_0, 0, 1;
    %load/vec4 v0x7ff832c12d80_0;
    %store/vec4 v0x7ff832c13060_0, 0, 10;
    %jmp T_0.1;
T_0.0 ;
    %load/vec4 v0x7ff832c12f80_0;
    %pad/u 32;
    %cmpi/e 1, 0, 32;
    %jmp/0xz  T_0.2, 4;
    %load/vec4 v0x7ff832c13060_0;
    %parti/s 1, 9, 5;
    %store/vec4 v0x7ff832c12ee0_0, 0, 1;
    %load/vec4 v0x7ff832c13060_0;
    %concati/vec4 0, 0, 1;
    %pad/u 10;
    %store/vec4 v0x7ff832c13060_0, 0, 10;
T_0.2 ;
T_0.1 ;
    %jmp T_0;
    .thread T_0;
    .scope S_0x7ff832c02870;
T_1 ;
    %vpi_call 2 16 "$dumpfile", "PISO.vcd" {0 0 0};
    %vpi_call 2 17 "$dumpvars", 32'sb11111111111111111111111111111111, S_0x7ff832c02a60 {0 0 0};
    %end;
    .thread T_1;
    .scope S_0x7ff832c02870;
T_2 ;
    %delay 1, 0;
    %load/vec4 v0x7ff832c13190_0;
    %inv;
    %store/vec4 v0x7ff832c13190_0, 0, 1;
    %jmp T_2;
    .thread T_2;
    .scope S_0x7ff832c02870;
T_3 ;
    %pushi/vec4 0, 0, 1;
    %store/vec4 v0x7ff832c133a0_0, 0, 1;
    %pushi/vec4 0, 0, 1;
    %store/vec4 v0x7ff832c13190_0, 0, 1;
    %delay 2, 0;
    %pushi/vec4 687, 0, 10;
    %store/vec4 v0x7ff832c13240_0, 0, 10;
    %pushi/vec4 1, 0, 1;
    %store/vec4 v0x7ff832c132d0_0, 0, 1;
    %delay 2, 0;
    %pushi/vec4 0, 0, 1;
    %store/vec4 v0x7ff832c132d0_0, 0, 1;
    %pushi/vec4 1, 0, 1;
    %store/vec4 v0x7ff832c133a0_0, 0, 1;
    %end;
    .thread T_3;
    .scope S_0x7ff832c02870;
T_4 ;
    %delay 50, 0;
    %vpi_call 2 43 "$finish" {0 0 0};
    %end;
    .thread T_4;
# The file index is used to find the file name in the following table.
:file_names 4;
    "N/A";
    "<interactive>";
    "piso_tb.v";
    "./piso.v";
