#! /usr/local/Cellar/icarus-verilog/11.0/bin/vvp
:ivl_version "11.0 (stable)";
:ivl_delay_selection "TYPICAL";
:vpi_time_precision - 12;
:vpi_module "/usr/local/Cellar/icarus-verilog/11.0/lib/ivl/system.vpi";
:vpi_module "/usr/local/Cellar/icarus-verilog/11.0/lib/ivl/vhdl_sys.vpi";
:vpi_module "/usr/local/Cellar/icarus-verilog/11.0/lib/ivl/vhdl_textio.vpi";
:vpi_module "/usr/local/Cellar/icarus-verilog/11.0/lib/ivl/v2005_math.vpi";
:vpi_module "/usr/local/Cellar/icarus-verilog/11.0/lib/ivl/va_math.vpi";
S_0x7f90d4500730 .scope module, "sipo_tb" "sipo_tb" 2 4;
 .timescale -12 -12;
v0x7f90d4510eb0_0 .var "clk", 0 0;
v0x7f90d4510f50_0 .net "parallel_out", 9 0, v0x7f90d4510b80_0;  1 drivers
v0x7f90d4511000_0 .var "reset", 0 0;
v0x7f90d45110d0_0 .var "s_in", 0 0;
S_0x7f90d45008a0 .scope module, "uut" "sipo" 2 19, 3 30 0, S_0x7f90d4500730;
 .timescale -12 -12;
    .port_info 0 /INPUT 1 "clk";
    .port_info 1 /INPUT 1 "reset";
    .port_info 2 /INPUT 1 "s_in";
    .port_info 3 /OUTPUT 10 "parallel_out";
v0x7f90d4500af0_0 .net "clk", 0 0, v0x7f90d4510eb0_0;  1 drivers
v0x7f90d4510b80_0 .var "parallel_out", 9 0;
v0x7f90d4510c30_0 .net "reset", 0 0, v0x7f90d4511000_0;  1 drivers
v0x7f90d4510ce0_0 .net "s_in", 0 0, v0x7f90d45110d0_0;  1 drivers
v0x7f90d4510d80_0 .var "temp_2", 9 0;
E_0x7f90d4500ac0 .event posedge, v0x7f90d4500af0_0;
    .scope S_0x7f90d45008a0;
T_0 ;
    %wait E_0x7f90d4500ac0;
    %load/vec4 v0x7f90d4510c30_0;
    %pad/u 32;
    %cmpi/e 1, 0, 32;
    %jmp/0xz  T_0.0, 4;
    %pushi/vec4 0, 0, 10;
    %assign/vec4 v0x7f90d4510b80_0, 0;
    %jmp T_0.1;
T_0.0 ;
    %load/vec4 v0x7f90d4510c30_0;
    %pad/u 32;
    %cmpi/e 0, 0, 32;
    %jmp/0xz  T_0.2, 4;
    %load/vec4 v0x7f90d4510d80_0;
    %ix/load 4, 1, 0;
    %flag_set/imm 4, 0;
    %shiftr 4;
    %assign/vec4 v0x7f90d4510d80_0, 0;
    %load/vec4 v0x7f90d4510ce0_0;
    %ix/load 4, 9, 0;
    %ix/load 5, 0, 0;
    %flag_set/imm 4, 0;
    %assign/vec4/off/d v0x7f90d4510d80_0, 4, 5;
T_0.2 ;
T_0.1 ;
    %load/vec4 v0x7f90d4510d80_0;
    %parti/s 1, 0, 2;
    %cmpi/e 0, 0, 1;
    %flag_mov 8, 4;
    %load/vec4 v0x7f90d4510d80_0;
    %parti/s 1, 0, 2;
    %cmpi/e 1, 0, 1;
    %flag_or 4, 8;
    %jmp/0xz  T_0.4, 4;
    %load/vec4 v0x7f90d4510d80_0;
    %store/vec4 v0x7f90d4510b80_0, 0, 10;
T_0.4 ;
    %jmp T_0;
    .thread T_0;
    .scope S_0x7f90d4500730;
T_1 ;
    %delay 1, 0;
    %load/vec4 v0x7f90d4510eb0_0;
    %inv;
    %store/vec4 v0x7f90d4510eb0_0, 0, 1;
    %jmp T_1;
    .thread T_1;
    .scope S_0x7f90d4500730;
T_2 ;
    %pushi/vec4 1, 0, 1;
    %store/vec4 v0x7f90d4511000_0, 0, 1;
    %pushi/vec4 0, 0, 1;
    %store/vec4 v0x7f90d4510eb0_0, 0, 1;
    %pushi/vec4 1, 0, 1;
    %store/vec4 v0x7f90d45110d0_0, 0, 1;
    %delay 20, 0;
    %pushi/vec4 0, 0, 1;
    %store/vec4 v0x7f90d4511000_0, 0, 1;
    %delay 20, 0;
    %pushi/vec4 1, 0, 1;
    %store/vec4 v0x7f90d45110d0_0, 0, 1;
    %delay 20, 0;
    %pushi/vec4 1, 0, 1;
    %store/vec4 v0x7f90d45110d0_0, 0, 1;
    %delay 20, 0;
    %pushi/vec4 1, 0, 1;
    %store/vec4 v0x7f90d45110d0_0, 0, 1;
    %delay 20, 0;
    %pushi/vec4 0, 0, 1;
    %store/vec4 v0x7f90d45110d0_0, 0, 1;
    %delay 20, 0;
    %pushi/vec4 0, 0, 1;
    %store/vec4 v0x7f90d45110d0_0, 0, 1;
    %delay 20, 0;
    %pushi/vec4 1, 0, 1;
    %store/vec4 v0x7f90d45110d0_0, 0, 1;
    %delay 20, 0;
    %pushi/vec4 1, 0, 1;
    %store/vec4 v0x7f90d45110d0_0, 0, 1;
    %delay 20, 0;
    %pushi/vec4 1, 0, 1;
    %store/vec4 v0x7f90d45110d0_0, 0, 1;
    %delay 20, 0;
    %pushi/vec4 1, 0, 1;
    %store/vec4 v0x7f90d45110d0_0, 0, 1;
    %delay 20, 0;
    %pushi/vec4 1, 0, 1;
    %store/vec4 v0x7f90d45110d0_0, 0, 1;
    %end;
    .thread T_2;
    .scope S_0x7f90d4500730;
T_3 ;
    %vpi_call 2 43 "$dumpfile", "SIPO.vcd" {0 0 0};
    %vpi_call 2 44 "$dumpvars", 32'sb11111111111111111111111111111111, S_0x7f90d45008a0 {0 0 0};
    %end;
    .thread T_3;
    .scope S_0x7f90d4500730;
T_4 ;
    %delay 250, 0;
    %vpi_call 2 47 "$finish" {0 0 0};
    %end;
    .thread T_4;
# The file index is used to find the file name in the following table.
:file_names 4;
    "N/A";
    "<interactive>";
    "sipo_tb.v";
    "./sipo.v";
