#! /usr/local/Cellar/icarus-verilog/11.0/bin/vvp
:ivl_version "11.0 (stable)";
:ivl_delay_selection "TYPICAL";
:vpi_time_precision + 0;
:vpi_module "/usr/local/Cellar/icarus-verilog/11.0/lib/ivl/system.vpi";
:vpi_module "/usr/local/Cellar/icarus-verilog/11.0/lib/ivl/vhdl_sys.vpi";
:vpi_module "/usr/local/Cellar/icarus-verilog/11.0/lib/ivl/vhdl_textio.vpi";
:vpi_module "/usr/local/Cellar/icarus-verilog/11.0/lib/ivl/v2005_math.vpi";
:vpi_module "/usr/local/Cellar/icarus-verilog/11.0/lib/ivl/va_math.vpi";
S_0x7f8fb0f01fe0 .scope module, "TBI" "TBI" 2 34;
 .timescale 0 0;
v0x7f8fb0f13960_0 .var "EWRAP", 0 0;
o0x1052274b8 .functor BUFZ 1, C4<z>; HiZ drive
v0x7f8fb0f13a40_0 .net "PMD_UNITDATA_indication", 0 0, o0x1052274b8;  0 drivers
v0x7f8fb0f13ad0_0 .net "PMD_UNITDATA_request", 0 0, v0x7f8fb0f13180_0;  1 drivers
v0x7f8fb0f13ba0_0 .var "clk", 0 0;
v0x7f8fb0f13c70_0 .net "mux_sipo_out", 0 0, v0x7f8fb0f137a0_0;  1 drivers
v0x7f8fb0f13d80_0 .var "parallel_in", 9 0;
v0x7f8fb0f13e10_0 .net "parallel_out", 9 0, v0x7f8fb0f12b40_0;  1 drivers
v0x7f8fb0f13ea0_0 .var "reset", 0 0;
v0x7f8fb0f13f70_0 .var "s_in", 0 0;
v0x7f8fb0f14080_0 .net "s_out", 0 0, v0x7f8fb0f125c0_0;  1 drivers
v0x7f8fb0f14110_0 .var "s_start", 0 0;
v0x7f8fb0f141a0_0 .var "zeros", 0 0;
S_0x7f8fb0f02150 .scope module, "uut1" "piso" 2 57, 3 32 0, S_0x7f8fb0f01fe0;
 .timescale 0 0;
    .port_info 0 /INPUT 1 "clk";
    .port_info 1 /INPUT 1 "reset";
    .port_info 2 /INPUT 10 "parallel_in";
    .port_info 3 /INPUT 1 "s_start";
    .port_info 4 /OUTPUT 1 "s_out";
P_0x7f8fb0f01bf0 .param/l "length" 1 3 42, +C4<00000000000000000000000000001010>;
v0x7f8fb0f023b0_0 .net "clk", 0 0, v0x7f8fb0f13ba0_0;  1 drivers
v0x7f8fb0f12460_0 .net "parallel_in", 9 0, v0x7f8fb0f13d80_0;  1 drivers
v0x7f8fb0f12510_0 .net "reset", 0 0, v0x7f8fb0f13ea0_0;  1 drivers
v0x7f8fb0f125c0_0 .var "s_out", 0 0;
v0x7f8fb0f12660_0 .net "s_start", 0 0, v0x7f8fb0f14110_0;  1 drivers
v0x7f8fb0f12740_0 .var "temp", 9 0;
E_0x7f8fb0f02380 .event posedge, v0x7f8fb0f023b0_0;
S_0x7f8fb0f12870 .scope module, "uut2" "sipo" 2 64, 4 30 0, S_0x7f8fb0f01fe0;
 .timescale 0 0;
    .port_info 0 /INPUT 1 "clk";
    .port_info 1 /INPUT 1 "reset";
    .port_info 2 /INPUT 1 "s_in";
    .port_info 3 /OUTPUT 10 "parallel_out";
v0x7f8fb0f12a90_0 .net "clk", 0 0, v0x7f8fb0f13ba0_0;  alias, 1 drivers
v0x7f8fb0f12b40_0 .var "parallel_out", 9 0;
v0x7f8fb0f12bd0_0 .net "reset", 0 0, v0x7f8fb0f13ea0_0;  alias, 1 drivers
v0x7f8fb0f12ca0_0 .net "s_in", 0 0, v0x7f8fb0f137a0_0;  alias, 1 drivers
v0x7f8fb0f12d30_0 .var "temp_2", 9 0;
S_0x7f8fb0f12e40 .scope module, "uut3" "mux_piso" 2 70, 5 31 0, S_0x7f8fb0f01fe0;
 .timescale 0 0;
    .port_info 0 /INPUT 1 "serial";
    .port_info 1 /INPUT 1 "zeros";
    .port_info 2 /INPUT 1 "EWRAP";
    .port_info 3 /OUTPUT 1 "PMD_UNITDATA_request";
v0x7f8fb0f130d0_0 .net "EWRAP", 0 0, v0x7f8fb0f13960_0;  1 drivers
v0x7f8fb0f13180_0 .var "PMD_UNITDATA_request", 0 0;
v0x7f8fb0f13220_0 .net "serial", 0 0, v0x7f8fb0f125c0_0;  alias, 1 drivers
v0x7f8fb0f132f0_0 .net "zeros", 0 0, v0x7f8fb0f141a0_0;  1 drivers
E_0x7f8fb0f13080 .event edge, v0x7f8fb0f130d0_0, v0x7f8fb0f132f0_0, v0x7f8fb0f125c0_0;
S_0x7f8fb0f133d0 .scope module, "uut4" "mux_sipo" 2 76, 6 30 0, S_0x7f8fb0f01fe0;
 .timescale 0 0;
    .port_info 0 /INPUT 1 "serial_sipo";
    .port_info 1 /INPUT 1 "PMD_UNITDATA_indication";
    .port_info 2 /INPUT 1 "EWRAP";
    .port_info 3 /OUTPUT 1 "mux_sipo_out";
v0x7f8fb0f13650_0 .net "EWRAP", 0 0, v0x7f8fb0f13960_0;  alias, 1 drivers
v0x7f8fb0f13710_0 .net "PMD_UNITDATA_indication", 0 0, o0x1052274b8;  alias, 0 drivers
v0x7f8fb0f137a0_0 .var "mux_sipo_out", 0 0;
v0x7f8fb0f13870_0 .net "serial_sipo", 0 0, v0x7f8fb0f125c0_0;  alias, 1 drivers
E_0x7f8fb0f135f0 .event edge, v0x7f8fb0f130d0_0, v0x7f8fb0f13710_0, v0x7f8fb0f125c0_0;
    .scope S_0x7f8fb0f02150;
T_0 ;
    %wait E_0x7f8fb0f02380;
    %load/vec4 v0x7f8fb0f12510_0;
    %pad/u 32;
    %cmpi/e 1, 0, 32;
    %jmp/0xz  T_0.0, 4;
    %pushi/vec4 0, 0, 1;
    %store/vec4 v0x7f8fb0f125c0_0, 0, 1;
    %load/vec4 v0x7f8fb0f12460_0;
    %store/vec4 v0x7f8fb0f12740_0, 0, 10;
    %jmp T_0.1;
T_0.0 ;
    %load/vec4 v0x7f8fb0f12660_0;
    %pad/u 32;
    %cmpi/e 1, 0, 32;
    %jmp/0xz  T_0.2, 4;
    %load/vec4 v0x7f8fb0f12740_0;
    %parti/s 1, 9, 5;
    %store/vec4 v0x7f8fb0f125c0_0, 0, 1;
    %load/vec4 v0x7f8fb0f12740_0;
    %concati/vec4 0, 0, 1;
    %pad/u 10;
    %store/vec4 v0x7f8fb0f12740_0, 0, 10;
T_0.2 ;
T_0.1 ;
    %jmp T_0;
    .thread T_0;
    .scope S_0x7f8fb0f12870;
T_1 ;
    %wait E_0x7f8fb0f02380;
    %load/vec4 v0x7f8fb0f12bd0_0;
    %pad/u 32;
    %cmpi/e 1, 0, 32;
    %jmp/0xz  T_1.0, 4;
    %pushi/vec4 0, 0, 10;
    %assign/vec4 v0x7f8fb0f12b40_0, 0;
    %jmp T_1.1;
T_1.0 ;
    %load/vec4 v0x7f8fb0f12bd0_0;
    %pad/u 32;
    %cmpi/e 0, 0, 32;
    %jmp/0xz  T_1.2, 4;
    %load/vec4 v0x7f8fb0f12d30_0;
    %ix/load 4, 1, 0;
    %flag_set/imm 4, 0;
    %shiftr 4;
    %assign/vec4 v0x7f8fb0f12d30_0, 0;
    %load/vec4 v0x7f8fb0f12ca0_0;
    %ix/load 4, 9, 0;
    %ix/load 5, 0, 0;
    %flag_set/imm 4, 0;
    %assign/vec4/off/d v0x7f8fb0f12d30_0, 4, 5;
T_1.2 ;
T_1.1 ;
    %load/vec4 v0x7f8fb0f12d30_0;
    %parti/s 1, 0, 2;
    %cmpi/e 0, 0, 1;
    %flag_mov 8, 4;
    %load/vec4 v0x7f8fb0f12d30_0;
    %parti/s 1, 0, 2;
    %cmpi/e 1, 0, 1;
    %flag_or 4, 8;
    %jmp/0xz  T_1.4, 4;
    %load/vec4 v0x7f8fb0f12d30_0;
    %store/vec4 v0x7f8fb0f12b40_0, 0, 10;
T_1.4 ;
    %jmp T_1;
    .thread T_1;
    .scope S_0x7f8fb0f12e40;
T_2 ;
    %wait E_0x7f8fb0f13080;
    %load/vec4 v0x7f8fb0f130d0_0;
    %pad/u 32;
    %cmpi/e 1, 0, 32;
    %jmp/0xz  T_2.0, 4;
    %load/vec4 v0x7f8fb0f13220_0;
    %store/vec4 v0x7f8fb0f13180_0, 0, 1;
    %jmp T_2.1;
T_2.0 ;
    %load/vec4 v0x7f8fb0f132f0_0;
    %store/vec4 v0x7f8fb0f13180_0, 0, 1;
T_2.1 ;
    %jmp T_2;
    .thread T_2, $push;
    .scope S_0x7f8fb0f133d0;
T_3 ;
    %wait E_0x7f8fb0f135f0;
    %load/vec4 v0x7f8fb0f13650_0;
    %pad/u 32;
    %cmpi/e 1, 0, 32;
    %jmp/0xz  T_3.0, 4;
    %load/vec4 v0x7f8fb0f13870_0;
    %store/vec4 v0x7f8fb0f137a0_0, 0, 1;
    %jmp T_3.1;
T_3.0 ;
    %load/vec4 v0x7f8fb0f13710_0;
    %store/vec4 v0x7f8fb0f137a0_0, 0, 1;
T_3.1 ;
    %jmp T_3;
    .thread T_3, $push;
    .scope S_0x7f8fb0f01fe0;
T_4 ;
    %vpi_call 2 83 "$dumpfile", "TBI.vcd" {0 0 0};
    %vpi_call 2 84 "$dumpvars", 32'sb11111111111111111111111111111111, S_0x7f8fb0f02150 {0 0 0};
    %vpi_call 2 85 "$dumpvars", 32'sb11111111111111111111111111111111, S_0x7f8fb0f12870 {0 0 0};
    %vpi_call 2 86 "$dumpvars", 32'sb11111111111111111111111111111111, S_0x7f8fb0f12e40 {0 0 0};
    %vpi_call 2 87 "$dumpvars", 32'sb11111111111111111111111111111111, S_0x7f8fb0f133d0 {0 0 0};
    %end;
    .thread T_4;
    .scope S_0x7f8fb0f01fe0;
T_5 ;
    %delay 5, 0;
    %load/vec4 v0x7f8fb0f13ba0_0;
    %inv;
    %store/vec4 v0x7f8fb0f13ba0_0, 0, 1;
    %jmp T_5;
    .thread T_5;
    .scope S_0x7f8fb0f01fe0;
T_6 ;
    %pushi/vec4 0, 0, 1;
    %store/vec4 v0x7f8fb0f14110_0, 0, 1;
    %pushi/vec4 1, 0, 1;
    %store/vec4 v0x7f8fb0f13ba0_0, 0, 1;
    %pushi/vec4 1, 0, 1;
    %store/vec4 v0x7f8fb0f13f70_0, 0, 1;
    %pushi/vec4 0, 0, 1;
    %store/vec4 v0x7f8fb0f141a0_0, 0, 1;
    %pushi/vec4 0, 0, 1;
    %store/vec4 v0x7f8fb0f13960_0, 0, 1;
    %delay 10, 0;
    %pushi/vec4 687, 0, 10;
    %store/vec4 v0x7f8fb0f13d80_0, 0, 10;
    %delay 10, 0;
    %pushi/vec4 1, 0, 1;
    %store/vec4 v0x7f8fb0f13960_0, 0, 1;
    %pushi/vec4 1, 0, 1;
    %store/vec4 v0x7f8fb0f13ea0_0, 0, 1;
    %delay 10, 0;
    %pushi/vec4 0, 0, 1;
    %store/vec4 v0x7f8fb0f13ea0_0, 0, 1;
    %pushi/vec4 1, 0, 1;
    %store/vec4 v0x7f8fb0f14110_0, 0, 1;
    %delay 20, 0;
    %pushi/vec4 1, 0, 1;
    %store/vec4 v0x7f8fb0f13f70_0, 0, 1;
    %delay 20, 0;
    %pushi/vec4 1, 0, 1;
    %store/vec4 v0x7f8fb0f13f70_0, 0, 1;
    %delay 20, 0;
    %pushi/vec4 1, 0, 1;
    %store/vec4 v0x7f8fb0f13f70_0, 0, 1;
    %delay 20, 0;
    %pushi/vec4 0, 0, 1;
    %store/vec4 v0x7f8fb0f13f70_0, 0, 1;
    %delay 20, 0;
    %pushi/vec4 0, 0, 1;
    %store/vec4 v0x7f8fb0f13f70_0, 0, 1;
    %delay 20, 0;
    %pushi/vec4 1, 0, 1;
    %store/vec4 v0x7f8fb0f13f70_0, 0, 1;
    %delay 20, 0;
    %pushi/vec4 0, 0, 1;
    %store/vec4 v0x7f8fb0f13f70_0, 0, 1;
    %delay 20, 0;
    %pushi/vec4 1, 0, 1;
    %store/vec4 v0x7f8fb0f13f70_0, 0, 1;
    %delay 20, 0;
    %pushi/vec4 0, 0, 1;
    %store/vec4 v0x7f8fb0f13f70_0, 0, 1;
    %delay 20, 0;
    %pushi/vec4 1, 0, 1;
    %store/vec4 v0x7f8fb0f13f70_0, 0, 1;
    %end;
    .thread T_6;
    .scope S_0x7f8fb0f01fe0;
T_7 ;
    %delay 1000, 0;
    %vpi_call 2 118 "$finish" {0 0 0};
    %end;
    .thread T_7;
# The file index is used to find the file name in the following table.
:file_names 7;
    "N/A";
    "<interactive>";
    "TBI.v";
    "./piso.v";
    "./sipo.v";
    "./mux_piso.v";
    "./mux_sipo.v";
